<?xml version="1.0" encoding="UTF-8"?>
<testng-results ignored="1" total="2" passed="1" failed="0" skipped="0">
  <reporter-output>
  </reporter-output>
  <suite started-at="2023-04-14T18:52:27 EDT" name="regression" finished-at="2023-04-14T18:52:52 EDT" duration-ms="24770">
    <groups>
      <group name="regression">
        <method signature="NewTest95.f1()[pri:0, instance:Config.TestingCode.NewTest95@272ed83b]" name="f1" class="Config.TestingCode.NewTest95"/>
      </group> <!-- regression -->
    </groups>
    <test started-at="2023-04-14T18:52:27 EDT" name="chrome browser" finished-at="2023-04-14T18:52:52 EDT" duration-ms="24770">
      <class name="Config.TestingCode.NewTest95">
        <test-method is-config="true" signature="beforeMethod(java.lang.String,java.lang.String)[pri:0, instance:Config.TestingCode.NewTest95@272ed83b]" started-at="2023-04-14T18:52:27 EDT" name="beforeMethod" finished-at="2023-04-14T18:52:36 EDT" duration-ms="8774" status="PASS">
          <params>
            <param index="0">
              <value>
                <![CDATA[https://www.remitly.com]]>
              </value>
            </param>
            <param index="1">
              <value>
                <![CDATA[chrome]]>
              </value>
            </param>
          </params>
          <reporter-output>
          </reporter-output>
        </test-method> <!-- beforeMethod -->
        <test-method signature="f1()[pri:0, instance:Config.TestingCode.NewTest95@272ed83b]" started-at="2023-04-14T18:52:36 EDT" name="f1" finished-at="2023-04-14T18:52:52 EDT" duration-ms="15748" status="PASS">
          <reporter-output>
          </reporter-output>
        </test-method> <!-- f1 -->
        <test-method is-config="true" signature="afterMethod()[pri:0, instance:Config.TestingCode.NewTest95@272ed83b]" started-at="2023-04-14T18:52:52 EDT" name="afterMethod" finished-at="2023-04-14T18:52:52 EDT" duration-ms="190" status="PASS">
          <reporter-output>
          </reporter-output>
        </test-method> <!-- afterMethod -->
      </class> <!-- Config.TestingCode.NewTest95 -->
    </test> <!-- chrome browser -->
  </suite> <!-- regression -->
</testng-results>
